<?xml version="1.0" encoding="UTF-8"?>
<testsuite xmlns:xsi="http://www.w3.org/2001/XMLSchema-instance" xsi:noNamespaceSchemaLocation="https://maven.apache.org/surefire/maven-surefire-plugin/xsd/surefire-test-report-3.0.xsd" version="3.0" name="TestSuite" time="8.69" tests="1" errors="0" skipped="0" failures="0">
  <properties>
[...]
</properties>
  <testcase name="runScenario[&quot;Validation of checkout feature&quot;, &quot;Testing Check Out functionality&quot;](1)" classname="TestRunner.TestNGTestRunner" time="5.361">
    <system-out><![CDATA[
@checkout
Scenario: Validation of checkout feature                                                             # file:///C:/Automation/eclipse-workspace/SauceDemoApp/src/test/java/Features/CheckOut.feature:10
  ✔ Given user is on Sauce Demo login page                                                           # StepDefinitions.LoginPageSteps.loginPage()
  ✔ When user enters valid username standard_user and valid password secret_sauce                    # StepDefinitions.LoginPageSteps.user_enters_valid_username_and_valid_password(java.lang.String,java.lang.String)
  ✔ And clicks on login                                                                              # StepDefinitions.LoginPageSteps.clicks_on_login()
  ✔ Then user should be navigated to home page                                                       # StepDefinitions.HomePageSteps.user_should_be_navigated_to_home_page()
  ✔ When user adds multiple products <products> to the cart then the products should show up in cart # StepDefinitions.HomePageSteps.user_adds_multiple_products_products_to_the_cart(io.cucumber.datatable.DataTable)
      | Product                  |
      | Sauce Labs Backpack      |
      | Sauce Labs Bike Light    |
      | Sauce Labs Fleece Jacket |
  ✔ Then user navigates to Checkout page                                                             # StepDefinitions.CartPageSteps.user_navigates_to_checkout_page()
  ✔ And user enters firstname, lastname and zipcode                                                  # StepDefinitions.CheckOutPageSteps.user_enters_firstname_lastname_and_zipcode()
  ✔ And clicks on continue and navigated to overview page                                            # StepDefinitions.CheckOutPageSteps.clicks_on_continue_and_navigated_to_overview_page()
  ✔ And user validates whether the price total and total product price are equal                     # StepDefinitions.OverViewPageSteps.validateTotal()
  ✔ And user clicks on finish button                                                                 # StepDefinitions.OverViewPageSteps.user_clicks_on_finish_button()
]]></system-out>
    <system-err><![CDATA[SLF4J(W): No SLF4J providers were found.
SLF4J(W): Defaulting to no-operation (NOP) logger implementation
SLF4J(W): See https://www.slf4j.org/codes.html#noProviders for further details.
Jan 28, 2026 11:25:20 AM org.openqa.selenium.devtools.CdpVersionFinder findNearestMatch
WARNING: Unable to find CDP implementation matching 144
Jan 28, 2026 11:25:20 AM org.openqa.selenium.chromium.ChromiumDriver lambda$new$4
WARNING: Unable to find version of CDP to use for 144.0.3719.92. You may need to include a dependency on a specific version of the CDP using something similar to `org.seleniumhq.selenium:selenium-devtools-v86:4.35.0` where the version ("v86") matches the version of the chromium-based browser you're using and the version number of the artifact is the same as Selenium's.
]]></system-err>
  </testcase>
</testsuite>