<?xml version="1.0" encoding="UTF-8"?>
<testng-results ignored="0" total="5" passed="5" failed="0" skipped="0">
  <reporter-output>
  </reporter-output>
  <suite started-at="2025-11-05T14:45:28 IST" name="Default suite" finished-at="2025-11-05T14:45:48 IST" duration-ms="20762">
    <groups>
      <group name="cucumber">
        <method signature="AbstractTestNGCucumberTests.runScenario(io.cucumber.testng.PickleWrapper,io.cucumber.testng.FeatureWrapper)[pri:0, instance:TestRunner.TestNGTestRunner@14a50707]" name="runScenario" class="io.cucumber.testng.AbstractTestNGCucumberTests"/>
      </group> <!-- cucumber -->
    </groups>
    <test started-at="2025-11-05T14:45:28 IST" name="Default test" finished-at="2025-11-05T14:45:48 IST" duration-ms="20762">
      <class name="TestRunner.TestNGTestRunner">
        <test-method is-config="true" signature="setUpClass(org.testng.ITestContext)[pri:0, instance:TestRunner.TestNGTestRunner@14a50707]" started-at="2025-11-05T14:45:28 IST" name="setUpClass" finished-at="2025-11-05T14:45:29 IST" duration-ms="1053" status="PASS">
          <params>
            <param index="0">
              <value>
                <![CDATA[org.testng.TestRunner@58a2d9f9]]>
              </value>
            </param>
          </params>
          <reporter-output>
          </reporter-output>
        </test-method> <!-- setUpClass -->
        <test-method signature="runScenario(io.cucumber.testng.PickleWrapper,io.cucumber.testng.FeatureWrapper)[pri:0, instance:TestRunner.TestNGTestRunner@14a50707]" started-at="2025-11-05T14:45:29 IST" name="runScenario" description="Runs Cucumber Scenarios" data-provider="scenarios" finished-at="2025-11-05T14:45:43 IST" duration-ms="14361" status="PASS">
          <params>
            <param index="0">
              <value>
                <![CDATA["Validation of login using excel data"]]>
              </value>
            </param>
            <param index="1">
              <value>
                <![CDATA["login using exceel data"]]>
              </value>
            </param>
          </params>
          <reporter-output>
          </reporter-output>
        </test-method> <!-- runScenario -->
        <test-method signature="runScenario(io.cucumber.testng.PickleWrapper,io.cucumber.testng.FeatureWrapper)[pri:0, instance:TestRunner.TestNGTestRunner@14a50707]" started-at="2025-11-05T14:45:29 IST" name="runScenario" description="Runs Cucumber Scenarios" data-provider="scenarios" finished-at="2025-11-05T14:45:43 IST" duration-ms="14316" status="PASS">
          <params>
            <param index="0">
              <value>
                <![CDATA["Validation of login using excel data"]]>
              </value>
            </param>
            <param index="1">
              <value>
                <![CDATA["login using exceel data"]]>
              </value>
            </param>
          </params>
          <reporter-output>
          </reporter-output>
        </test-method> <!-- runScenario -->
        <test-method signature="runScenario(io.cucumber.testng.PickleWrapper,io.cucumber.testng.FeatureWrapper)[pri:0, instance:TestRunner.TestNGTestRunner@14a50707]" started-at="2025-11-05T14:45:29 IST" name="runScenario" description="Runs Cucumber Scenarios" data-provider="scenarios" finished-at="2025-11-05T14:45:46 IST" duration-ms="16934" status="PASS">
          <params>
            <param index="0">
              <value>
                <![CDATA["Validation of login using excel data"]]>
              </value>
            </param>
            <param index="1">
              <value>
                <![CDATA["login using exceel data"]]>
              </value>
            </param>
          </params>
          <reporter-output>
          </reporter-output>
        </test-method> <!-- runScenario -->
        <test-method signature="runScenario(io.cucumber.testng.PickleWrapper,io.cucumber.testng.FeatureWrapper)[pri:0, instance:TestRunner.TestNGTestRunner@14a50707]" started-at="2025-11-05T14:45:29 IST" name="runScenario" description="Runs Cucumber Scenarios" data-provider="scenarios" finished-at="2025-11-05T14:45:43 IST" duration-ms="14214" status="PASS">
          <params>
            <param index="0">
              <value>
                <![CDATA["Validation of login using excel data"]]>
              </value>
            </param>
            <param index="1">
              <value>
                <![CDATA["login using exceel data"]]>
              </value>
            </param>
          </params>
          <reporter-output>
          </reporter-output>
        </test-method> <!-- runScenario -->
        <test-method signature="runScenario(io.cucumber.testng.PickleWrapper,io.cucumber.testng.FeatureWrapper)[pri:0, instance:TestRunner.TestNGTestRunner@14a50707]" started-at="2025-11-05T14:45:29 IST" name="runScenario" description="Runs Cucumber Scenarios" data-provider="scenarios" finished-at="2025-11-05T14:45:43 IST" duration-ms="14466" status="PASS">
          <params>
            <param index="0">
              <value>
                <![CDATA["Validation of login using excel data"]]>
              </value>
            </param>
            <param index="1">
              <value>
                <![CDATA["login using exceel data"]]>
              </value>
            </param>
          </params>
          <reporter-output>
          </reporter-output>
        </test-method> <!-- runScenario -->
        <test-method is-config="true" signature="tearDownClass()[pri:0, instance:TestRunner.TestNGTestRunner@14a50707]" started-at="2025-11-05T14:45:46 IST" name="tearDownClass" finished-at="2025-11-05T14:45:48 IST" duration-ms="2675" status="PASS">
          <reporter-output>
          </reporter-output>
        </test-method> <!-- tearDownClass -->
      </class> <!-- TestRunner.TestNGTestRunner -->
    </test> <!-- Default test -->
  </suite> <!-- Default suite -->
</testng-results>
