<?xml version="1.0" encoding="UTF-8"?>
<!-- Generated by org.testng.reporters.JUnitReportReporter -->
<testsuite hostname="LAPTOP-SAV1F6NG" failures="0" tests="5" name="TestRunner.TestNGTestRunner" time="74.291" errors="0" timestamp="2025-11-05T14:45:49 IST" skipped="0">
  <testcase classname="TestRunner.TestNGTestRunner" name="runScenario" time="14.361"/>
  <testcase classname="TestRunner.TestNGTestRunner" name="runScenario" time="14.316"/>
  <testcase classname="TestRunner.TestNGTestRunner" name="runScenario" time="14.466"/>
  <testcase classname="TestRunner.TestNGTestRunner" name="runScenario" time="16.934"/>
  <testcase classname="TestRunner.TestNGTestRunner" name="runScenario" time="14.214"/>
</testsuite> <!-- TestRunner.TestNGTestRunner -->
